2026-04-15 14:21:23,276 INFO nptech.crawler: fetching categories
2026-04-15 14:21:23,721 INFO nptech.crawler: saved 49 categories to /home/ubuntu/research/nptech/state/categories.json
2026-04-15 14:21:23,721 INFO nptech.crawler: fetching tags
2026-04-15 14:21:33,812 INFO nptech.crawler: saved 48 tags to /home/ubuntu/research/nptech/state/tags.json
2026-04-15 14:21:39,512 INFO nptech.crawler: page 1/9 (total posts: 883)
2026-04-15 14:22:38,788 INFO nptech.crawler: post 45861 (community-as-infrastructure-why-nonprofits-must-start-design): 3 images
2026-04-15 14:23:39,016 INFO nptech.crawler: post 45837 (ripples-of-a-click-the-anatomy-of-a-nonprofit-donation): 3 images
2026-04-15 14:23:58,654 INFO nptech.crawler: post 42901 (free-mini-webinar-how-nonprofit-professionals-can-ai-proof-t): 1 images
2026-04-15 14:23:58,655 INFO nptech.crawler: hit --limit 3
2026-04-15 14:23:58,655 INFO nptech.crawler: total requests today: 17
2026-04-15 14:23:58,655 INFO nptech.crawler: total posts in checkpoint: 3
2026-04-15 14:24:04,235 INFO nptech.extract: media cache: 7 entries
2026-04-15 14:24:04,236 INFO nptech.extract: processing 3 raw posts
2026-04-15 14:24:04,241 INFO nptech.extract: wrote 2026-03-25-free-mini-webinar-how-nonprofit-professionals-can-ai-proof-their-careers.md (0 imgs, 150 words, alt coverage 0/0)
2026-04-15 14:24:04,261 INFO nptech.extract: wrote 2026-03-26-ripples-of-a-click-the-anatomy-of-a-nonprofit-donation.md (2 imgs, 2000 words, alt coverage 2/2)
2026-04-15 14:24:04,285 INFO nptech.extract: wrote 2026-04-03-community-as-infrastructure-why-nonprofits-must-start-designing-for-relationships.md (2 imgs, 2514 words, alt coverage 0/2)
2026-04-15 14:30:04,475 INFO nptech.extract: media cache: 7 entries | categories: 49
2026-04-15 14:30:04,475 INFO nptech.extract: processing 3 raw posts
2026-04-15 14:30:04,479 INFO nptech.extract: wrote 2026-03-25-free-mini-webinar-how-nonprofit-professionals-can-ai-proof-their-careers.md (0 imgs, 161 words, alt coverage 0/0)
2026-04-15 14:30:04,506 INFO nptech.extract: wrote 2026-03-26-ripples-of-a-click-the-anatomy-of-a-nonprofit-donation.md (2 imgs, 2011 words, alt coverage 2/2)
2026-04-15 14:30:04,529 INFO nptech.extract: wrote 2026-04-03-community-as-infrastructure-why-nonprofits-must-start-designing-for-relationships.md (2 imgs, 2525 words, alt coverage 0/2)
2026-04-15 14:30:08,306 INFO nptech.crawler: fetching /pages
2026-04-15 14:30:09,446 INFO nptech.crawler: pages endpoint page 1/2 (total: 185)
2026-04-15 14:30:28,522 INFO nptech.crawler: post 45635 (free-webinar-the-nonprofit-playbook-for-a-successful-golf-fu): 1 images
2026-04-15 14:36:58,316 INFO nptech.crawler: post 31428 (10-linkedin-best-practices-for-nonprofits): 20 images
2026-04-15 14:43:18,321 INFO nptech.crawler: post 30303 (10-facebook-best-practices-for-nonprofits): 20 images
2026-04-15 14:43:18,322 INFO nptech.crawler: post 45462 (free-webinar-ai-for-good-secure-smart-high-impact-ai-for-non): 0 images
2026-04-15 14:48:48,329 INFO nptech.crawler: post 30300 (10-online-fundraising-best-practices-for-nonprofits): 17 images
2026-04-15 14:49:18,328 INFO nptech.crawler: post 40002 (ai-for-nonprofits): 2 images
2026-04-15 14:53:58,344 INFO nptech.crawler: post 30268 (10-blogging-best-practices-for-nonprofits): 15 images
2026-04-15 14:58:58,335 INFO nptech.crawler: post 29408 (10-email-marketing-best-practices-for-nonprofits): 16 images
2026-04-15 15:04:38,342 INFO nptech.crawler: post 29350 (10-website-design-best-practices-for-nonprofits): 18 images
2026-04-15 15:04:58,496 INFO nptech.crawler: post 40789 (free-mini-webinar-eight-ways-to-grow-your-nonprofits-email-l): 1 images
2026-04-15 15:05:38,919 INFO nptech.crawler: post 41730 (recordings-earn-a-certificate-in-digital-marketing-fundraisi): 2 images
2026-04-15 15:05:58,432 INFO nptech.crawler: post 38876 (free-mini-webinar-8-ways-to-grow-your-nonprofits-following-o): 1 images
2026-04-15 15:06:18,410 INFO nptech.crawler: post 44697 (free-webinar-stop-counting-start-planning-how-to-track-use-n): 1 images
2026-04-15 15:06:18,410 INFO nptech.crawler: post 44623 (test-1): 0 images
2026-04-15 15:06:18,410 INFO nptech.crawler: post 44618 (test-new-graphic): 0 images
2026-04-15 15:06:48,344 INFO nptech.crawler: post 43061 (recordings-earn-a-certificate-in-social-media-marketing-fund): 2 images
2026-04-15 15:07:08,492 INFO nptech.crawler: post 44321 (free-webinar-how-nonprofits-can-transform-year-end-giving-wi): 1 images
2026-04-15 15:07:28,430 INFO nptech.crawler: post 44005 (free-webinar-ai-toolkit-for-nonprofits-strategies-and-tools-): 1 images
2026-04-15 15:07:58,344 INFO nptech.crawler: post 37447 (email-marketing-statistics-for-nonprofits): 2 images
2026-04-15 15:08:18,446 INFO nptech.crawler: post 43640 (free-webinar-generational-giving-how-to-better-connect-with-): 1 images
2026-04-15 15:08:38,576 INFO nptech.crawler: post 42891 (free-mini-webinar-how-nonprofit-professionals-can-ai-proof-t): 1 images
2026-04-15 15:08:58,575 INFO nptech.crawler: post 43271 (free-webinar-5-reasons-why-broadcast-text-messaging-is-the-f): 1 images
2026-04-15 15:09:19,039 INFO nptech.crawler: post 43300 (thank-you-for-taking-the-2025-nonprofit-tech-for-good-survey): 1 images
2026-04-15 15:09:48,346 INFO nptech.crawler: post 36376 (website-statistics-for-nonprofits): 2 images
2026-04-15 15:10:08,412 INFO nptech.crawler: post 42880 (free-webinar-more-than-money-why-now-is-the-time-to-redefine): 1 images
2026-04-15 15:10:38,347 INFO nptech.crawler: post 42394 (recordings-earn-a-certificate-in-ai-for-marketing-fundraisin): 2 images
2026-04-15 15:10:48,346 INFO nptech.crawler: post 42392 (confirmation-certificate-in-ai-for-marketing-fundraising-rec): 1 images
2026-04-15 15:11:08,520 INFO nptech.crawler: post 42355 (free-webinar-5-keys-to-a-successful-charity-golf-tournament): 1 images
2026-04-15 15:12:09,062 INFO nptech.crawler: post 42178 (5-conservation-projects-that-will-protect-arizona-wildlife-i): 3 images
2026-04-15 15:12:28,574 INFO nptech.crawler: post 42116 (free-webinar-3-strategies-guaranteed-to-boost-fundraising-su): 1 images
2026-04-15 15:12:58,348 INFO nptech.crawler: post 41993 (ai-marketing-fundraising-statistics-for-nonprofits): 2 images
2026-04-15 15:13:38,989 INFO nptech.crawler: post 41836 (recordings-earn-a-2024-certificate-in-social-media-marketing): 2 images
2026-04-15 15:13:58,520 INFO nptech.crawler: post 40155 (free-mini-webinar-how-to-craft-the-perfect-pitch-for-your-no): 1 images
2026-04-15 15:14:08,349 INFO nptech.crawler: post 41752 (confirmation-certificate-in-digital-marketing-fundraising): 1 images
2026-04-15 15:14:38,349 INFO nptech.crawler: post 40678 (certificate-in-artificial-intelligence-ai-for-marketing-fund): 2 images
2026-04-15 15:14:48,349 INFO nptech.crawler: post 41620 (confirmation-certificate-in-social-media-marketing-fundraisi): 1 images
2026-04-15 15:14:58,349 INFO nptech.crawler: post 41610 (recordings-digital-marketing-fundraising-certificate-thank-y): 1 images
2026-04-15 15:15:08,350 INFO nptech.crawler: post 41411 (social-media-fundraising-certificate-thank-you): 1 images
2026-04-15 15:15:28,521 INFO nptech.crawler: post 41360 (free-webinar-5-lessons-from-the-generational-giving-report-t): 1 images
2026-04-15 15:15:48,529 INFO nptech.crawler: post 41193 (free-mini-webinar-how-to-use-ai-tools-to-create-visual-conte): 1 images
2026-04-15 15:15:58,350 INFO nptech.crawler: post 40694 (thank-you-ai-certificate): 1 images
2026-04-15 15:16:18,421 INFO nptech.crawler: post 40653 (from-transactions-to-trust-enhancing-the-generosity-experien): 1 images
