=== nightly crawl start: Thu Apr 16 04:00:01 UTC 2026 ===
timeout: invalid time interval ‘5h50m’
Try 'timeout --help' for more information.
=== posts phase done: Thu Apr 16 04:00:01 UTC 2026 ===
2026-04-16 04:00:01,988 INFO nptech.crawler: fetching /pages
2026-04-16 04:00:03,135 INFO nptech.crawler: pages endpoint page 1/2 (total: 185)
2026-04-16 04:00:12,217 WARNING nptech.crawler: media 40641: 401 (skipping)
2026-04-16 04:00:12,217 INFO nptech.crawler: post 40644 (free-webinar-demystifying-artificial-intelligence-ai-for-non): 1 images
2026-04-16 04:00:51,995 INFO nptech.crawler: post 40575 (101-digital-marketing-fundraising-best-practices-a-checklist): 3 images
2026-04-16 04:05:31,997 INFO nptech.crawler: post 40567 (10-threads-and-x-best-practices-for-nonprofits): 15 images
2026-04-16 04:05:52,069 INFO nptech.crawler: post 40461 (free-mini-webinar-why-your-nonprofits-logo-is-not-your-brand): 1 images
2026-04-16 04:06:12,081 INFO nptech.crawler: post 40204 (free-webinar-mastering-fundraising-metrics): 1 images
2026-04-16 04:06:21,997 INFO nptech.crawler: post 40135 (tools): 1 images
2026-04-16 04:06:31,998 INFO nptech.crawler: post 40133 (resources): 1 images
2026-04-16 04:06:42,000 INFO nptech.crawler: post 40131 (podcasts): 1 images
2026-04-16 04:07:12,000 INFO nptech.crawler: post 40026 (social-media-statistics-for-nonprofits): 2 images
2026-04-16 04:07:21,999 INFO nptech.crawler: post 40061 (articles): 1 images
2026-04-16 04:08:02,514 INFO nptech.crawler: post 39701 (webinar-recording-social-media-for-nonprofits): 2 images
2026-04-16 04:08:32,001 INFO nptech.crawler: post 39649 (webinar-recording-website-online-fundraising-for-nonprofits): 2 images
2026-04-16 04:09:02,002 INFO nptech.crawler: post 39626 (webinar-recording-website-email-marketing-for-nonprofits): 2 images
2026-04-16 04:09:22,168 INFO nptech.crawler: post 39580 (free-webinar-the-untapped-potential-of-digital-accessibility): 1 images
2026-04-16 04:09:22,169 INFO nptech.crawler: post 39513 (thank-you-for-taking-the-2024-online-donor-feedback-survey): 0 images
2026-04-16 04:09:52,005 INFO nptech.crawler: post 39470 (online-fundraising-statistics-for-nonprofits): 2 images
2026-04-16 04:10:12,172 INFO nptech.crawler: post 39420 (free-mini-webinar-linkedin-personal-branding-for-nonprofits): 1 images
2026-04-16 04:10:42,005 INFO nptech.crawler: post 39081 (blogging-statistics-for-nonprofits): 2 images
2026-04-16 04:11:23,066 INFO nptech.crawler: post 39022 (webinar-recording-social-media-fundraising-for-nonprofits): 2 images
2026-04-16 04:11:52,013 INFO nptech.crawler: post 39018 (webinar-recording-social-media-content-marketing-for-nonprof): 2 images
2026-04-16 04:12:22,010 INFO nptech.crawler: post 39015 (webinar-recording-social-media-strategy-for-nonprofits): 2 images
2026-04-16 04:12:42,107 INFO nptech.crawler: post 38978 (free-webinar-an-introduction-to-artificial-intelligence-ai-f): 1 images
2026-04-16 04:12:52,022 INFO nptech.crawler: post 38797 (webinar-recording-social-media-strategy-for-nonprofits): 1 images
2026-04-16 04:13:12,091 INFO nptech.crawler: post 38620 (free-webinar-the-ultimate-guide-to-google-ad-grants-for-nonp): 1 images
2026-04-16 04:14:22,012 INFO nptech.crawler: post 38544 (how-to-add-nonprofit-tech-for-good-certificates-to-your-link): 4 images
2026-04-16 04:15:02,021 INFO nptech.crawler: post 38489 (cause-awareness-giving-day-calendar-for-nonprofits): 3 images
2026-04-16 04:15:22,171 INFO nptech.crawler: post 38452 (free-webinar-the-power-of-technology-for-your-nonprofits-gol): 1 images
2026-04-16 04:15:42,178 INFO nptech.crawler: post 37769 (free-webinar-enhancing-recurring-giving-leveraging-donor-psy): 1 images
2026-04-16 04:16:02,439 INFO nptech.crawler: post 37410 (research-2023-social-media-engagement-rates-for-nonprofits): 1 images
2026-04-16 04:16:22,013 INFO nptech.crawler: post 37368 (webinar-social-media-fundraising-for-nonprofits): 2 images
2026-04-16 04:16:42,015 INFO nptech.crawler: post 37333 (webinar-social-media-content-marketing-for-nonprofits): 2 images
2026-04-16 04:17:02,015 INFO nptech.crawler: post 37196 (webinar-social-media-strategy-for-nonprofits): 2 images
2026-04-16 04:17:02,015 INFO nptech.crawler: post 37222 (certificates): 0 images
2026-04-16 04:17:22,152 INFO nptech.crawler: post 37117 (free-webinar-five-fundraising-trends-to-watch-for-in-2024): 1 images
2026-04-16 04:17:42,157 INFO nptech.crawler: post 36945 (lorem-ipsum-is-simply-dummy-text): 1 images
2026-04-16 04:18:02,191 INFO nptech.crawler: post 36742 (free-webinar-activate-your-board-members-this-giving-tuesday): 1 images
2026-04-16 04:18:22,110 INFO nptech.crawler: post 36553 (free-webinar-an-intro-to-google-search-ads-the-google-ad-gra): 1 images
2026-04-16 04:18:42,083 INFO nptech.crawler: post 36387 (free-webinar-unleash-ais-potential-5-practical-strategies-fo): 1 images
2026-04-16 04:18:42,083 INFO nptech.crawler: post 36233 (free-webinar-how-nonprofits-can-overcome-the-challenges-of-d): 0 images
2026-04-16 04:23:22,024 INFO nptech.crawler: post 33934 (10-digital-content-marketing-best-practices-for-nonprofits): 15 images
2026-04-16 04:23:42,192 INFO nptech.crawler: post 36143 (free-mini-webinar-how-to-grow-your-nonprofits-following-on-s): 1 images
2026-04-16 04:24:02,109 INFO nptech.crawler: post 36056 (free-webinar-the-ai-advantage-how-nonprofits-can-rise-to-the): 1 images
2026-04-16 04:24:22,174 INFO nptech.crawler: post 35947 (free-webinar-how-to-maximize-your-nonprofits-donor-lifetime-): 1 images
2026-04-16 04:24:22,175 INFO nptech.crawler: post 35600 (thank-you-social-media-certificate): 0 images
2026-04-16 04:24:42,187 INFO nptech.crawler: post 35168 (free-webinar-how-to-maximize-donor-retention-and-raise-more-): 1 images
2026-04-16 04:25:02,182 INFO nptech.crawler: post 35038 (free-webinar-why-sponsorships-are-key-to-a-lucrative-golf-fu): 1 images
2026-04-16 04:25:22,192 INFO nptech.crawler: post 34858 (free-webinar-how-to-accept-donate-now-pay-later-donations-to): 1 images
2026-04-16 04:25:42,195 INFO nptech.crawler: post 34769 (free-webinar-how-to-create-a-magical-generosity-experience-u): 1 images
2026-04-16 04:26:02,186 INFO nptech.crawler: post 34352 (free-webinar-blogging-best-practices-for-nonprofits): 1 images
2026-04-16 04:26:02,186 INFO nptech.crawler: post 34200 (past-trainings-conferences): 0 images
2026-04-16 04:26:22,200 INFO nptech.crawler: post 33730 (free-webinar-finding-your-first-100-donors-donor-acquisition): 1 images
2026-04-16 04:26:42,123 INFO nptech.crawler: post 33715 (free-webinar-the-giving-tuesday-cheat-sheet-for-nonprofits): 1 images
2026-04-16 04:27:02,221 INFO nptech.crawler: post 33658 (free-webinar-10-digital-marketing-fundraising-trends-to-prio): 1 images
2026-04-16 04:27:12,275 WARNING nptech.crawler: media 33437: 401 (skipping)
2026-04-16 04:27:12,275 INFO nptech.crawler: post 33439 (free-webinar-the-formula-to-successful-nonprofit-giving-days): 1 images
2026-04-16 04:27:32,196 INFO nptech.crawler: post 33293 (free-webinar-must-know-fundraising-data-to-build-lasting-don): 1 images
2026-04-16 04:27:32,197 INFO nptech.crawler: post 33258 (thank-you-4): 0 images
2026-04-16 04:27:52,112 INFO nptech.crawler: post 33182 (free-webinar-the-top-5-benefits-of-adopting-a-crm-system-at-): 1 images
2026-04-16 04:28:52,169 INFO nptech.crawler: post 33074 (eguides-reports): 6 images
2026-04-16 04:29:02,778 INFO nptech.crawler: pages endpoint page 2/2 (total: 185)
2026-04-16 04:29:52,031 INFO nptech.crawler: post 33093 (certificate-programs): 4 images
=== pages phase done: Thu Apr 16 04:30:01 UTC 2026 ===
2026-04-16 04:30:02,865 INFO nptech.extract: media cache: 204 entries | categories: 49
2026-04-16 04:30:02,867 INFO nptech.extract: processing 104 raw posts
2026-04-16 04:30:03,028 INFO nptech.extract: wrote 2026-01-02-10-website-design-best-practices-for-nonprofits.md (17 imgs, 2426 words, alt coverage 15/17)
2026-04-16 04:30:03,131 INFO nptech.extract: wrote 2026-01-03-10-email-marketing-best-practices-for-nonprofits.md (15 imgs, 2456 words, alt coverage 10/15)
2026-04-16 04:30:03,228 INFO nptech.extract: wrote 2026-01-04-10-blogging-best-practices-for-nonprofits.md (14 imgs, 1910 words, alt coverage 14/14)
2026-04-16 04:30:03,305 INFO nptech.extract: wrote 2026-01-18-10-online-fundraising-best-practices-for-nonprofits.md (16 imgs, 3526 words, alt coverage 15/16)
2026-04-16 04:30:03,357 INFO nptech.extract: wrote 2026-01-26-10-facebook-best-practices-for-nonprofits.md (19 imgs, 3261 words, alt coverage 16/19)
2026-04-16 04:30:03,398 INFO nptech.extract: wrote 2026-01-27-10-linkedin-best-practices-for-nonprofits.md (19 imgs, 3097 words, alt coverage 15/19)
2026-04-16 04:30:03,424 INFO nptech.extract: wrote 2022-04-18-eguides-reports.md (6 imgs, 341 words, alt coverage 0/6)
2026-04-16 04:30:03,432 INFO nptech.extract: wrote 2022-04-18-certificate-programs.md (3 imgs, 400 words, alt coverage 1/3)
2026-04-16 04:30:03,440 INFO nptech.extract: wrote 2022-04-29-free-webinar-the-top-5-benefits-of-adopting-a-crm-system-at-your-nonprofit.md (0 imgs, 389 words, alt coverage 0/0)
2026-04-16 04:30:03,443 INFO nptech.extract: wrote 2022-05-09-thank-you-4.md (0 imgs, 41 words, alt coverage 0/0)
2026-04-16 04:30:03,449 INFO nptech.extract: wrote 2022-05-17-free-webinar-must-know-fundraising-data-to-build-lasting-donor-connections.md (0 imgs, 323 words, alt coverage 0/0)
2026-04-16 04:30:03,456 INFO nptech.extract: wrote 2022-06-19-free-webinar-the-formula-to-successful-nonprofit-giving-days-year-round.md (0 imgs, 392 words, alt coverage 0/0)
2026-04-16 04:30:03,464 INFO nptech.extract: wrote 2022-07-31-free-webinar-10-digital-marketing-fundraising-trends-to-prioritize-in-2023.md (0 imgs, 363 words, alt coverage 0/0)
2026-04-16 04:30:03,470 INFO nptech.extract: wrote 2022-08-13-free-webinar-the-giving-tuesday-cheat-sheet-for-nonprofits.md (0 imgs, 396 words, alt coverage 0/0)
2026-04-16 04:30:03,477 INFO nptech.extract: wrote 2022-08-13-free-webinar-finding-your-first-100-donors-donor-acquisition-for-new-nonprofits.md (0 imgs, 300 words, alt coverage 0/0)
2026-04-16 04:30:03,510 INFO nptech.extract: wrote 2023-05-31-10-digital-content-marketing-best-practices-for-nonprofits.md (14 imgs, 3322 words, alt coverage 14/14)
2026-04-16 04:30:03,572 INFO nptech.extract: wrote 2022-10-31-past-trainings-conferences.md (0 imgs, 1500 words, alt coverage 0/0)
2026-04-16 04:30:03,577 INFO nptech.extract: wrote 2022-11-16-free-webinar-blogging-best-practices-for-nonprofits.md (0 imgs, 356 words, alt coverage 0/0)
2026-04-16 04:30:03,582 INFO nptech.extract: wrote 2022-12-27-free-webinar-how-to-create-a-magical-generosity-experience-using-your-website-crm.md (0 imgs, 366 words, alt coverage 0/0)
2026-04-16 04:30:03,588 INFO nptech.extract: wrote 2023-01-10-free-webinar-how-to-accept-donate-now-pay-later-donations-to-grow-giving-in-2023.md (0 imgs, 427 words, alt coverage 0/0)
2026-04-16 04:30:03,593 INFO nptech.extract: wrote 2023-01-24-free-webinar-why-sponsorships-are-key-to-a-lucrative-golf-fundraiser.md (0 imgs, 448 words, alt coverage 0/0)
2026-04-16 04:30:03,600 INFO nptech.extract: wrote 2023-02-10-free-webinar-how-to-maximize-donor-retention-and-raise-more-for-your-organization.md (0 imgs, 469 words, alt coverage 0/0)
2026-04-16 04:30:03,602 INFO nptech.extract: wrote 2023-04-01-thank-you-social-media-certificate.md (0 imgs, 73 words, alt coverage 0/0)
2026-04-16 04:30:03,607 INFO nptech.extract: wrote 2023-05-08-free-webinar-how-to-maximize-your-nonprofits-donor-lifetime-value.md (0 imgs, 330 words, alt coverage 0/0)
2026-04-16 04:30:03,612 INFO nptech.extract: wrote 2023-05-20-free-webinar-the-ai-advantage-how-nonprofits-can-rise-to-the-top-using-artificial-intelligence.md (0 imgs, 430 words, alt coverage 0/0)
2026-04-16 04:30:03,617 INFO nptech.extract: wrote 2023-05-29-free-mini-webinar-how-to-grow-your-nonprofits-following-on-social-media.md (0 imgs, 321 words, alt coverage 0/0)
2026-04-16 04:30:03,621 INFO nptech.extract: wrote 2023-06-01-free-webinar-how-nonprofits-can-overcome-the-challenges-of-disconnected-fundraising-software.md (0 imgs, 341 words, alt coverage 0/0)
2026-04-16 04:30:03,637 INFO nptech.extract: wrote 2025-03-30-website-statistics-for-nonprofits.md (1 imgs, 640 words, alt coverage 0/1)
2026-04-16 04:30:03,643 INFO nptech.extract: wrote 2023-07-04-free-webinar-unleash-ais-potential-5-practical-strategies-for-year-end-fundraising-success.md (0 imgs, 381 words, alt coverage 0/0)
2026-04-16 04:30:03,650 INFO nptech.extract: wrote 2023-07-18-free-webinar-an-intro-to-google-search-ads-the-google-ad-grants-program-for-nonprofits.md (0 imgs, 374 words, alt coverage 0/0)
2026-04-16 04:30:03,661 INFO nptech.extract: wrote 2023-08-20-free-webinar-activate-your-board-members-this-giving-tuesday.md (0 imgs, 373 words, alt coverage 0/0)
2026-04-16 04:30:03,664 INFO nptech.extract: wrote 2023-08-30-lorem-ipsum-is-simply-dummy-text.md (0 imgs, 229 words, alt coverage 0/0)
2026-04-16 04:30:03,689 INFO nptech.extract: wrote 2023-09-09-free-webinar-five-fundraising-trends-to-watch-for-in-2024.md (0 imgs, 370 words, alt coverage 0/0)
2026-04-16 04:30:03,705 INFO nptech.extract: wrote 2023-09-16-webinar-social-media-strategy-for-nonprofits.md (1 imgs, 345 words, alt coverage 0/1)
2026-04-16 04:30:03,706 INFO nptech.extract: wrote 2023-09-16-certificates.md (0 imgs, 36 words, alt coverage 0/0)
2026-04-16 04:30:03,715 INFO nptech.extract: wrote 2023-09-22-webinar-social-media-content-marketing-for-nonprofits.md (1 imgs, 393 words, alt coverage 0/1)
2026-04-16 04:30:03,734 INFO nptech.extract: wrote 2023-09-23-webinar-social-media-fundraising-for-nonprofits.md (1 imgs, 341 words, alt coverage 0/1)
2026-04-16 04:30:03,737 INFO nptech.extract: wrote 2023-10-13-research-2023-social-media-engagement-rates-for-nonprofits.md (1 imgs, 86 words, alt coverage 0/1)
2026-04-16 04:30:03,751 INFO nptech.extract: wrote 2025-06-04-email-marketing-statistics-for-nonprofits.md (1 imgs, 908 words, alt coverage 0/1)
2026-04-16 04:30:03,756 INFO nptech.extract: wrote 2023-11-26-free-webinar-enhancing-recurring-giving-leveraging-donor-psychology-and-digital-engagement.md (0 imgs, 354 words, alt coverage 0/0)
2026-04-16 04:30:03,762 INFO nptech.extract: wrote 2023-12-27-free-webinar-the-power-of-technology-for-your-nonprofits-golf-fundraiser.md (0 imgs, 411 words, alt coverage 0/0)
2026-04-16 04:30:03,810 INFO nptech.extract: wrote 2023-12-28-cause-awareness-giving-day-calendar-for-nonprofits.md (2 imgs, 1002 words, alt coverage 2/2)
2026-04-16 04:30:03,816 INFO nptech.extract: wrote 2024-01-01-how-to-add-nonprofit-tech-for-good-certificates-to-your-linkedin-profile.md (4 imgs, 403 words, alt coverage 0/4)
2026-04-16 04:30:03,821 INFO nptech.extract: wrote 2024-01-06-free-webinar-the-ultimate-guide-to-google-ad-grants-for-nonprofits.md (0 imgs, 338 words, alt coverage 0/0)
2026-04-16 04:30:03,826 INFO nptech.extract: wrote 2024-01-24-webinar-recording-social-media-strategy-for-nonprofits.md (1 imgs, 345 words, alt coverage 0/1)
2026-04-16 04:30:03,833 INFO nptech.extract: wrote 2025-11-06-free-mini-webinar-8-ways-to-grow-your-nonprofits-following-on-social-media.md (0 imgs, 260 words, alt coverage 0/0)
2026-04-16 04:30:03,842 INFO nptech.extract: wrote 2024-02-13-free-webinar-an-introduction-to-artificial-intelligence-ai-for-nonprofits.md (0 imgs, 279 words, alt coverage 0/0)
2026-04-16 04:30:03,848 INFO nptech.extract: wrote 2024-02-23-webinar-recording-social-media-strategy-for-nonprofits.md (1 imgs, 286 words, alt coverage 0/1)
2026-04-16 04:30:03,854 INFO nptech.extract: wrote 2024-02-23-webinar-recording-social-media-content-marketing-for-nonprofits.md (1 imgs, 292 words, alt coverage 0/1)
2026-04-16 04:30:03,859 INFO nptech.extract: wrote 2024-02-23-webinar-recording-social-media-fundraising-for-nonprofits.md (1 imgs, 301 words, alt coverage 0/1)
2026-04-16 04:30:03,870 INFO nptech.extract: wrote 2024-02-26-blogging-statistics-for-nonprofits.md (1 imgs, 536 words, alt coverage 0/1)
2026-04-16 04:30:03,878 INFO nptech.extract: wrote 2024-03-15-free-mini-webinar-linkedin-personal-branding-for-nonprofits.md (0 imgs, 264 words, alt coverage 0/0)
2026-04-16 04:30:03,893 INFO nptech.extract: wrote 2024-03-19-online-fundraising-statistics-for-nonprofits.md (1 imgs, 1129 words, alt coverage 0/1)
2026-04-16 04:30:03,895 INFO nptech.extract: wrote 2024-03-21-thank-you-for-taking-the-2024-online-donor-feedback-survey.md (0 imgs, 180 words, alt coverage 0/0)
2026-04-16 04:30:03,906 INFO nptech.extract: wrote 2024-03-25-free-webinar-the-untapped-potential-of-digital-accessibility-for-nonprofits.md (0 imgs, 365 words, alt coverage 0/0)
2026-04-16 04:30:03,912 INFO nptech.extract: wrote 2024-03-28-webinar-recording-website-email-marketing-for-nonprofits.md (1 imgs, 317 words, alt coverage 0/1)
2026-04-16 04:30:03,916 INFO nptech.extract: wrote 2024-04-03-webinar-recording-website-online-fundraising-for-nonprofits.md (1 imgs, 262 words, alt coverage 0/1)
2026-04-16 04:30:03,922 INFO nptech.extract: wrote 2024-04-10-webinar-recording-social-media-for-nonprofits.md (1 imgs, 256 words, alt coverage 0/1)
2026-04-16 04:30:03,967 INFO nptech.extract: wrote 2026-01-11-ai-for-nonprofits.md (1 imgs, 812 words, alt coverage 1/1)
2026-04-16 04:30:04,014 INFO nptech.extract: wrote 2024-05-07-social-media-statistics-for-nonprofits.md (1 imgs, 1488 words, alt coverage 0/1)
2026-04-16 04:30:04,061 INFO nptech.extract: wrote 2024-05-06-articles.md (1 imgs, 984 words, alt coverage 1/1)
2026-04-16 04:30:04,074 INFO nptech.extract: wrote 2024-05-10-podcasts.md (1 imgs, 361 words, alt coverage 1/1)
2026-04-16 04:30:04,085 INFO nptech.extract: wrote 2024-05-10-resources.md (1 imgs, 474 words, alt coverage 1/1)
2026-04-16 04:30:04,132 INFO nptech.extract: wrote 2024-05-10-tools.md (1 imgs, 1283 words, alt coverage 1/1)
2026-04-16 04:30:04,151 INFO nptech.extract: wrote 2024-11-09-free-mini-webinar-how-to-craft-the-perfect-pitch-for-your-nonprofit.md (0 imgs, 258 words, alt coverage 0/0)
2026-04-16 04:30:04,174 INFO nptech.extract: wrote 2024-05-15-free-webinar-mastering-fundraising-metrics.md (0 imgs, 403 words, alt coverage 0/0)
2026-04-16 04:30:04,181 INFO nptech.extract: wrote 2024-06-12-free-mini-webinar-why-your-nonprofits-logo-is-not-your-brand.md (0 imgs, 301 words, alt coverage 0/0)
2026-04-16 04:30:04,225 INFO nptech.extract: wrote 2024-06-19-10-threads-and-x-best-practices-for-nonprofits.md (14 imgs, 2773 words, alt coverage 9/14)
2026-04-16 04:30:04,234 INFO nptech.extract: wrote 2024-06-19-101-digital-marketing-fundraising-best-practices-a-checklist-for-nonprofits.md (2 imgs, 344 words, alt coverage 1/2)
2026-04-16 04:30:04,244 INFO nptech.extract: wrote 2024-06-22-free-webinar-demystifying-artificial-intelligence-ai-for-nonprofits.md (0 imgs, 371 words, alt coverage 0/0)
2026-04-16 04:30:04,274 INFO nptech.extract: wrote 2024-06-24-from-transactions-to-trust-enhancing-the-generosity-experience.md (0 imgs, 328 words, alt coverage 0/0)
2026-04-16 04:30:04,294 INFO nptech.extract: wrote 2024-10-17-certificate-in-artificial-intelligence-ai-for-marketing-fundraising.md (1 imgs, 641 words, alt coverage 1/1)
2026-04-16 04:30:04,300 INFO nptech.extract: wrote 2024-06-27-thank-you-ai-certificate.md (1 imgs, 391 words, alt coverage 1/1)
2026-04-16 04:30:04,307 INFO nptech.extract: wrote 2025-12-20-free-mini-webinar-eight-ways-to-grow-your-nonprofits-email-list.md (0 imgs, 267 words, alt coverage 0/0)
2026-04-16 04:30:04,313 INFO nptech.extract: wrote 2024-08-15-free-mini-webinar-how-to-use-ai-tools-to-create-visual-content-for-your-nonprofit.md (0 imgs, 240 words, alt coverage 0/0)
2026-04-16 04:30:04,321 INFO nptech.extract: wrote 2024-08-29-free-webinar-5-lessons-from-the-generational-giving-report-to-incorporate-in-your-2025-fundraising.md (0 imgs, 369 words, alt coverage 0/0)
2026-04-16 04:30:04,328 INFO nptech.extract: wrote 2024-09-04-social-media-fundraising-certificate-thank-you.md (1 imgs, 365 words, alt coverage 0/1)
2026-04-16 04:30:04,336 INFO nptech.extract: wrote 2024-10-12-recordings-digital-marketing-fundraising-certificate-thank-you.md (1 imgs, 278 words, alt coverage 0/1)
2026-04-16 04:30:04,348 INFO nptech.extract: wrote 2024-10-12-confirmation-certificate-in-social-media-marketing-fundraising-recordings.md (1 imgs, 285 words, alt coverage 0/1)
2026-04-16 04:30:04,363 INFO nptech.extract: wrote 2025-11-20-recordings-earn-a-certificate-in-digital-marketing-fundraising.md (1 imgs, 519 words, alt coverage 0/1)
2026-04-16 04:30:04,378 INFO nptech.extract: wrote 2024-11-07-confirmation-certificate-in-digital-marketing-fundraising.md (1 imgs, 362 words, alt coverage 0/1)
2026-04-16 04:30:04,394 INFO nptech.extract: wrote 2024-11-11-recordings-earn-a-2024-certificate-in-social-media-marketing-fundraising.md (1 imgs, 478 words, alt coverage 0/1)
2026-04-16 04:30:04,417 INFO nptech.extract: wrote 2024-11-20-ai-marketing-fundraising-statistics-for-nonprofits.md (1 imgs, 1021 words, alt coverage 1/1)
2026-04-16 04:30:04,423 INFO nptech.extract: wrote 2024-12-08-free-webinar-3-strategies-guaranteed-to-boost-fundraising-success-in-2025.md (0 imgs, 354 words, alt coverage 0/0)
2026-04-16 04:30:04,434 INFO nptech.extract: wrote 2024-12-22-5-conservation-projects-that-will-protect-arizona-wildlife-in-2025.md (3 imgs, 651 words, alt coverage 3/3)
2026-04-16 04:30:04,441 INFO nptech.extract: wrote 2025-01-16-free-webinar-5-keys-to-a-successful-charity-golf-tournament.md (0 imgs, 346 words, alt coverage 0/0)
2026-04-16 04:30:04,446 INFO nptech.extract: wrote 2025-01-25-confirmation-certificate-in-ai-for-marketing-fundraising-recordings.md (1 imgs, 290 words, alt coverage 1/1)
2026-04-16 04:30:04,457 INFO nptech.extract: wrote 2025-01-29-recordings-earn-a-certificate-in-ai-for-marketing-fundraising.md (1 imgs, 512 words, alt coverage 1/1)
2026-04-16 04:30:04,465 INFO nptech.extract: wrote 2025-03-06-free-webinar-more-than-money-why-now-is-the-time-to-redefine-generosity.md (0 imgs, 381 words, alt coverage 0/0)
2026-04-16 04:30:04,470 INFO nptech.extract: wrote 2025-04-28-free-mini-webinar-how-nonprofit-professionals-can-ai-proof-their-careers.md (0 imgs, 238 words, alt coverage 0/0)
2026-04-16 04:30:04,473 INFO nptech.extract: wrote 2026-03-25-free-mini-webinar-how-nonprofit-professionals-can-ai-proof-their-careers.md (0 imgs, 161 words, alt coverage 0/0)
2026-04-16 04:30:04,483 INFO nptech.extract: wrote 2025-08-30-recordings-earn-a-certificate-in-social-media-marketing-fundraising.md (1 imgs, 519 words, alt coverage 0/1)
2026-04-16 04:30:04,491 INFO nptech.extract: wrote 2025-04-14-free-webinar-5-reasons-why-broadcast-text-messaging-is-the-future-for-nonprofits.md (0 imgs, 357 words, alt coverage 0/0)
2026-04-16 04:30:04,495 INFO nptech.extract: wrote 2025-04-14-thank-you-for-taking-the-2025-nonprofit-tech-for-good-survey.md (1 imgs, 332 words, alt coverage 0/1)
2026-04-16 04:30:04,501 INFO nptech.extract: wrote 2025-05-19-free-webinar-generational-giving-how-to-better-connect-with-each-generation.md (0 imgs, 314 words, alt coverage 0/0)
2026-04-16 04:30:04,507 INFO nptech.extract: wrote 2025-07-01-free-webinar-ai-toolkit-for-nonprofits-strategies-and-tools-to-fundraise-smarter.md (0 imgs, 283 words, alt coverage 0/0)
2026-04-16 04:30:04,516 INFO nptech.extract: wrote 2025-08-29-free-webinar-how-nonprofits-can-transform-year-end-giving-with-ai.md (0 imgs, 313 words, alt coverage 0/0)
2026-04-16 04:30:04,518 INFO nptech.extract: wrote 2025-10-19-test-new-graphic.md (0 imgs, 40 words, alt coverage 0/0)
2026-04-16 04:30:04,521 INFO nptech.extract: wrote 2025-10-22-test-1.md (0 imgs, 38 words, alt coverage 0/0)
2026-04-16 04:30:04,527 INFO nptech.extract: wrote 2025-10-31-free-webinar-stop-counting-start-planning-how-to-track-use-nonprofit-kpis.md (0 imgs, 315 words, alt coverage 0/0)
2026-04-16 04:30:04,534 INFO nptech.extract: wrote 2026-01-19-free-webinar-ai-for-good-secure-smart-high-impact-ai-for-nonprofits.md (0 imgs, 391 words, alt coverage 0/0)
2026-04-16 04:30:04,539 INFO nptech.extract: wrote 2026-02-20-free-webinar-the-nonprofit-playbook-for-a-successful-golf-fundraiser.md (0 imgs, 403 words, alt coverage 0/0)
2026-04-16 04:30:04,554 INFO nptech.extract: wrote 2026-03-26-ripples-of-a-click-the-anatomy-of-a-nonprofit-donation.md (2 imgs, 2011 words, alt coverage 2/2)
2026-04-16 04:30:04,573 INFO nptech.extract: wrote 2026-04-03-community-as-infrastructure-why-nonprofits-must-start-designing-for-relationships.md (2 imgs, 2525 words, alt coverage 0/2)
=== extraction done: Thu Apr 16 04:30:04 UTC 2026 ===
=== nightly crawl complete: Thu Apr 16 04:30:04 UTC 2026 ===
